<?xml version="1.0" encoding="utf-8"?><testsuites name="pytest tests"><testsuite name="pytest" errors="0" failures="2" skipped="0" tests="13" time="14.195" timestamp="2026-06-03T08:13:40.383470+00:00" hostname="agent-env-dde318d5-489f-4a73-a5dc-967df955606e"><testcase classname="backend.tests.test_auth" name="test_register_creates_user_and_returns_token_and_cookie" time="0.403" /><testcase classname="backend.tests.test_auth" name="test_admin_login_returns_token" time="0.332" /><testcase classname="backend.tests.test_auth" name="test_me_with_bearer_token_returns_user" time="0.440" /><testcase classname="backend.tests.test_auth" name="test_login_wrong_password_returns_401_italian" time="0.326" /><testcase classname="backend.tests.test_auth" name="test_me_without_token_returns_401" time="0.109" /><testcase classname="backend.tests.test_projects" name="test_create_youtube_project_returns_queued" time="0.431" /><testcase classname="backend.tests.test_projects" name="test_invalid_youtube_url_returns_400" time="0.105" /><testcase classname="backend.tests.test_projects" name="test_unauthenticated_create_returns_401" time="0.117" /><testcase classname="backend.tests.test_projects" name="test_list_projects_for_user_isolation" time="0.629" /><testcase classname="backend.tests.test_projects" name="test_youtube_pipeline_completes" time="5.241"><failure message="Failed: Pipeline failed: status=error, error=yt-dlp failed: WARNING: [youtube] No supported JavaScript runtime could be found. Only deno is enabled by default; to use another runtime add  --js-runtimes RUNTIME[:PATH]  to your command/config. YouTube extraction without a JS runtime has been deprecated, and some formats may be missing. See  https://github.com/yt-dlp/yt-dlp/wiki/EJS  for details on installing one&#10;ERROR: unable to download video data: HTTP Error 403: Forbidden&#10;, doc={'id': '8d7f1f8e-b5e0-4f7d-a0d2-5195d6adda56', 'user_id': '6b60a336-4f79-4138-bdc2-289040340995', 'title': 'TEST_YT_Quick', 'source_type': 'youtube', 'voice': 'alloy', 'status': 'error', 'progress': 5, 'created_at': '2026-06-03T08:13:42.422634+00:00', 'updated_at': '2026-06-03T08:13:43.798086+00:00', 'youtube_url': 'https://www.youtube.com/watch?v=jNQXAC9IVRw', 'error': 'yt-dlp failed: WARNING: [youtube] No supported JavaScript runtime could be found. Only deno is enabled by default; to use another runtime add  --js-runtimes RUNTIME[:PATH]  to your command/config. YouTube extraction without a JS runtime has been deprecated, and some formats may be missing. See  https://github.com/yt-dlp/yt-dlp/wiki/EJS  for details on installing one\nERROR: unable to download video data: HTTP Error 403: Forbidden\n'}">E   Failed: Pipeline failed: status=error, error=yt-dlp failed: WARNING: [youtube] No supported JavaScript runtime could be found. Only deno is enabled by default; to use another runtime add  --js-runtimes RUNTIME[:PATH]  to your command/config. YouTube extraction without a JS runtime has been deprecated, and some formats may be missing. See  https://github.com/yt-dlp/yt-dlp/wiki/EJS  for details on installing one
    ERROR: unable to download video data: HTTP Error 403: Forbidden
    , doc={'id': '8d7f1f8e-b5e0-4f7d-a0d2-5195d6adda56', 'user_id': '6b60a336-4f79-4138-bdc2-289040340995', 'title': 'TEST_YT_Quick', 'source_type': 'youtube', 'voice': 'alloy', 'status': 'error', 'progress': 5, 'created_at': '2026-06-03T08:13:42.422634+00:00', 'updated_at': '2026-06-03T08:13:43.798086+00:00', 'youtube_url': 'https://www.youtube.com/watch?v=jNQXAC9IVRw', 'error': 'yt-dlp failed: WARNING: [youtube] No supported JavaScript runtime could be found. Only deno is enabled by default; to use another runtime add  --js-runtimes RUNTIME[:PATH]  to your command/config. YouTube extraction without a JS runtime has been deprecated, and some formats may be missing. See  https://github.com/yt-dlp/yt-dlp/wiki/EJS  for details on installing one\nERROR: unable to download video data: HTTP Error 403: Forbidden\n'}</failure></testcase><testcase classname="backend.tests.test_projects" name="test_delete_project" time="0.205" /><testcase classname="backend.tests.test_upload_pipeline" name="test_upload_pipeline_completes" time="5.708"><failure message="Failed: Upload pipeline failed: error=Failed to start streaming completion: litellm.BadRequestError: OpenAIException - {'error': '/chat/completions: Invalid model name passed in model=gpt-5.4. Call `/v1/models` to view available models for your key.'}, doc={'id': '1f651337-88de-4330-84c5-ec96ff0e3a75', 'user_id': '0f2780fb-11c4-4deb-b84c-3809e295b019', 'title': 'TEST_Upload_Sample', 'source_type': 'upload', 'voice': 'alloy', 'status': 'error', 'progress': 60, 'created_at': '2026-06-03T08:13:49.175833+00:00', 'updated_at': '2026-06-03T08:13:50.078766+00:00', 'uploaded_path': '/app/backend/media/1f651337-88de-4330-84c5-ec96ff0e3a75/source.mp4', 'duration': 5.4, 'segments': [{'start': 0.0, 'end': 1.0800000429153442, 'text': 'Hello, world.'}, {'start': 1.0800000429153442, 'end': 3.799999952316284, 'text': 'This is a short English test of the dubbing pipeline.'}, {'start': 3.799999952316284, 'end': 5.360000133514404, 'text': 'Goodbye.'}], 'transcript_language': 'english', 'transcript_text': 'Hello, world. This is a short English test of the dubbing pipeline. Goodbye.', 'error': &quot;Failed to start streaming completion: litellm.BadRequestError: OpenAIException - {'error': '/chat/completions: Invalid model name passed in model=gpt-5.4. Call `/v1/models` to view available models for your key.'}&quot;}">E   Failed: Upload pipeline failed: error=Failed to start streaming completion: litellm.BadRequestError: OpenAIException - {'error': '/chat/completions: Invalid model name passed in model=gpt-5.4. Call `/v1/models` to view available models for your key.'}, doc={'id': '1f651337-88de-4330-84c5-ec96ff0e3a75', 'user_id': '0f2780fb-11c4-4deb-b84c-3809e295b019', 'title': 'TEST_Upload_Sample', 'source_type': 'upload', 'voice': 'alloy', 'status': 'error', 'progress': 60, 'created_at': '2026-06-03T08:13:49.175833+00:00', 'updated_at': '2026-06-03T08:13:50.078766+00:00', 'uploaded_path': '/app/backend/media/1f651337-88de-4330-84c5-ec96ff0e3a75/source.mp4', 'duration': 5.4, 'segments': [{'start': 0.0, 'end': 1.0800000429153442, 'text': 'Hello, world.'}, {'start': 1.0800000429153442, 'end': 3.799999952316284, 'text': 'This is a short English test of the dubbing pipeline.'}, {'start': 3.799999952316284, 'end': 5.360000133514404, 'text': 'Goodbye.'}], 'transcript_language': 'english', 'transcript_text': 'Hello, world. This is a short English test of the dubbing pipeline. Goodbye.', 'error': "Failed to start streaming completion: litellm.BadRequestError: OpenAIException - {'error': '/chat/completions: Invalid model name passed in model=gpt-5.4. Call `/v1/models` to view available models for your key.'}"}</failure></testcase><testcase classname="backend.tests.test_voices" name="test_voices_returns_list" time="0.127" /></testsuite></testsuites>