<?xml version="1.0" encoding="utf-8"?><testsuites name="pytest tests"><testsuite name="pytest" errors="0" failures="0" skipped="0" tests="6" time="1.851" timestamp="2026-06-03T08:07:22.584664+00:00" hostname="agent-env-dde318d5-489f-4a73-a5dc-967df955606e"><testcase classname="backend.tests.test_auth" name="test_register_creates_user_and_returns_token_and_cookie" time="0.408" /><testcase classname="backend.tests.test_auth" name="test_admin_login_returns_token" time="0.375" /><testcase classname="backend.tests.test_auth" name="test_me_with_bearer_token_returns_user" time="0.466" /><testcase classname="backend.tests.test_auth" name="test_login_wrong_password_returns_401_italian" time="0.360" /><testcase classname="backend.tests.test_auth" name="test_me_without_token_returns_401" time="0.104" /><testcase classname="backend.tests.test_voices" name="test_voices_returns_list" time="0.112" /></testsuite></testsuites>