<?xml version="1.0" encoding="utf-8"?><testsuites name="pytest tests"><testsuite name="pytest" errors="0" failures="1" skipped="0" tests="6" time="7.025" timestamp="2026-06-03T08:09:15.162210+00:00" hostname="agent-env-dde318d5-489f-4a73-a5dc-967df955606e"><testcase classname="backend.tests.test_projects" name="test_create_youtube_project_returns_queued" time="0.607" /><testcase classname="backend.tests.test_projects" name="test_invalid_youtube_url_returns_400" time="0.110" /><testcase classname="backend.tests.test_projects" name="test_unauthenticated_create_returns_401" time="0.124" /><testcase classname="backend.tests.test_projects" name="test_list_projects_for_user_isolation" time="0.678" /><testcase classname="backend.tests.test_projects" name="test_youtube_pipeline_completes" time="5.262"><failure message="Failed: Pipeline failed: status=error, error=yt-dlp failed: WARNING: [youtube] No supported JavaScript runtime could be found. Only deno is enabled by default; to use another runtime add  --js-runtimes RUNTIME[:PATH]  to your command/config. YouTube extraction without a JS runtime has been deprecated, and some formats may be missing. See  https://github.com/yt-dlp/yt-dlp/wiki/EJS  for details on installing one&#10;ERROR: unable to download video data: HTTP Error 403: Forbidden&#10;, doc={'id': '1f8519d8-1bd1-4bd9-88d4-efe83748178f', 'user_id': '586fb535-9e28-4608-838c-27a025ed2b29', 'title': 'TEST_YT_Quick', 'source_type': 'youtube', 'voice': 'alloy', 'status': 'error', 'progress': 5, 'created_at': '2026-06-03T08:09:15.759525+00:00', 'updated_at': '2026-06-03T08:09:17.251729+00:00', 'youtube_url': 'https://www.youtube.com/watch?v=jNQXAC9IVRw', 'error': 'yt-dlp failed: WARNING: [youtube] No supported JavaScript runtime could be found. Only deno is enabled by default; to use another runtime add  --js-runtimes RUNTIME[:PATH]  to your command/config. YouTube extraction without a JS runtime has been deprecated, and some formats may be missing. See  https://github.com/yt-dlp/yt-dlp/wiki/EJS  for details on installing one\nERROR: unable to download video data: HTTP Error 403: Forbidden\n'}">backend/tests/test_projects.py:112: in test_youtube_pipeline_completes
    pytest.fail(f"Pipeline failed: status=error, error={last.get('error')}, doc={last}")
E   Failed: Pipeline failed: status=error, error=yt-dlp failed: WARNING: [youtube] No supported JavaScript runtime could be found. Only deno is enabled by default; to use another runtime add  --js-runtimes RUNTIME[:PATH]  to your command/config. YouTube extraction without a JS runtime has been deprecated, and some formats may be missing. See  https://github.com/yt-dlp/yt-dlp/wiki/EJS  for details on installing one
E   ERROR: unable to download video data: HTTP Error 403: Forbidden
E   , doc={'id': '1f8519d8-1bd1-4bd9-88d4-efe83748178f', 'user_id': '586fb535-9e28-4608-838c-27a025ed2b29', 'title': 'TEST_YT_Quick', 'source_type': 'youtube', 'voice': 'alloy', 'status': 'error', 'progress': 5, 'created_at': '2026-06-03T08:09:15.759525+00:00', 'updated_at': '2026-06-03T08:09:17.251729+00:00', 'youtube_url': 'https://www.youtube.com/watch?v=jNQXAC9IVRw', 'error': 'yt-dlp failed: WARNING: [youtube] No supported JavaScript runtime could be found. Only deno is enabled by default; to use another runtime add  --js-runtimes RUNTIME[:PATH]  to your command/config. YouTube extraction without a JS runtime has been deprecated, and some formats may be missing. See  https://github.com/yt-dlp/yt-dlp/wiki/EJS  for details on installing one\nERROR: unable to download video data: HTTP Error 403: Forbidden\n'}</failure></testcase><testcase classname="backend.tests.test_projects" name="test_delete_project" time="0.214" /></testsuite></testsuites>