<?xml version="1.0" encoding="utf-8"?><testsuites name="pytest tests"><testsuite name="pytest" errors="0" failures="1" skipped="0" tests="1" time="5.922" timestamp="2026-06-03T08:11:30.822361+00:00" hostname="agent-env-dde318d5-489f-4a73-a5dc-967df955606e"><testcase classname="backend.tests.test_upload_pipeline" name="test_upload_pipeline_completes" time="5.888"><failure message="Failed: Upload pipeline failed: error='dict' object has no attribute 'start', doc={'id': '251f2c40-dc83-48ab-826b-f73375e1432b', 'user_id': 'b8c71efa-10b3-4540-bc72-ff0a3913853d', 'title': 'TEST_Upload_Sample', 'source_type': 'upload', 'voice': 'alloy', 'status': 'error', 'progress': 35, 'created_at': '2026-06-03T08:11:31.416209+00:00', 'updated_at': '2026-06-03T08:11:33.014045+00:00', 'uploaded_path': '/app/backend/media/251f2c40-dc83-48ab-826b-f73375e1432b/source.mp4', 'duration': 5.4, 'error': &quot;'dict' object has no attribute 'start'&quot;}">backend/tests/test_upload_pipeline.py:62: in test_upload_pipeline_completes
    pytest.fail(f"Upload pipeline failed: error={last.get('error')}, doc={last}")
E   Failed: Upload pipeline failed: error='dict' object has no attribute 'start', doc={'id': '251f2c40-dc83-48ab-826b-f73375e1432b', 'user_id': 'b8c71efa-10b3-4540-bc72-ff0a3913853d', 'title': 'TEST_Upload_Sample', 'source_type': 'upload', 'voice': 'alloy', 'status': 'error', 'progress': 35, 'created_at': '2026-06-03T08:11:31.416209+00:00', 'updated_at': '2026-06-03T08:11:33.014045+00:00', 'uploaded_path': '/app/backend/media/251f2c40-dc83-48ab-826b-f73375e1432b/source.mp4', 'duration': 5.4, 'error': "'dict' object has no attribute 'start'"}</failure></testcase></testsuite></testsuites>