<?xml version="1.0" encoding="utf-8"?><testsuites name="pytest tests"><testsuite name="pytest" errors="0" failures="1" skipped="0" tests="1" time="5.882" timestamp="2026-06-03T08:12:51.217588+00:00" hostname="agent-env-dde318d5-489f-4a73-a5dc-967df955606e"><testcase classname="backend.tests.test_upload_pipeline" name="test_upload_pipeline_completes" time="5.854"><failure message="Failed: Upload pipeline failed: error=Failed to start streaming completion: litellm.BadRequestError: OpenAIException - {'error': '/chat/completions: Invalid model name passed in model=gpt-5.4. Call `/v1/models` to view available models for your key.'}, doc={'id': '1b62c981-3429-45cd-a287-d2a74135c48a', 'user_id': '4020af7e-63dc-4654-95cd-989f1788e5fb', 'title': 'TEST_Upload_Sample', 'source_type': 'upload', 'voice': 'alloy', 'status': 'error', 'progress': 60, 'created_at': '2026-06-03T08:12:51.800703+00:00', 'updated_at': '2026-06-03T08:12:52.812230+00:00', 'uploaded_path': '/app/backend/media/1b62c981-3429-45cd-a287-d2a74135c48a/source.mp4', 'duration': 5.4, 'segments': [{'start': 0.0, 'end': 1.0800000429153442, 'text': 'Hello, world.'}, {'start': 1.0800000429153442, 'end': 3.799999952316284, 'text': 'This is a short English test of the dubbing pipeline.'}, {'start': 3.799999952316284, 'end': 5.360000133514404, 'text': 'Goodbye.'}], 'transcript_language': 'english', 'transcript_text': 'Hello, world. This is a short English test of the dubbing pipeline. Goodbye.', 'error': &quot;Failed to start streaming completion: litellm.BadRequestError: OpenAIException - {'error': '/chat/completions: Invalid model name passed in model=gpt-5.4. Call `/v1/models` to view available models for your key.'}&quot;}">backend/tests/test_upload_pipeline.py:62: in test_upload_pipeline_completes
    pytest.fail(f"Upload pipeline failed: error={last.get('error')}, doc={last}")
E   Failed: Upload pipeline failed: error=Failed to start streaming completion: litellm.BadRequestError: OpenAIException - {'error': '/chat/completions: Invalid model name passed in model=gpt-5.4. Call `/v1/models` to view available models for your key.'}, doc={'id': '1b62c981-3429-45cd-a287-d2a74135c48a', 'user_id': '4020af7e-63dc-4654-95cd-989f1788e5fb', 'title': 'TEST_Upload_Sample', 'source_type': 'upload', 'voice': 'alloy', 'status': 'error', 'progress': 60, 'created_at': '2026-06-03T08:12:51.800703+00:00', 'updated_at': '2026-06-03T08:12:52.812230+00:00', 'uploaded_path': '/app/backend/media/1b62c981-3429-45cd-a287-d2a74135c48a/source.mp4', 'duration': 5.4, 'segments': [{'start': 0.0, 'end': 1.0800000429153442, 'text': 'Hello, world.'}, {'start': 1.0800000429153442, 'end': 3.799999952316284, 'text': 'This is a short English test of the dubbing pipeline.'}, {'start': 3.799999952316284, 'end': 5.360000133514404, 'text': 'Goodbye.'}], 'transcript_language': 'english', 'transcript_text': 'Hello, world. This is a short English test of the dubbing pipeline. Goodbye.', 'error': "Failed to start streaming completion: litellm.BadRequestError: OpenAIException - {'error': '/chat/completions: Invalid model name passed in model=gpt-5.4. Call `/v1/models` to view available models for your key.'}"}</failure></testcase></testsuite></testsuites>